0 info it worked if it ends with ok
1 verbose cli [ 'C:\\Program Files (x86)\\Nodist\\v-x64\\8.9.4\\node.exe',
1 verbose cli   'C:\\Program Files (x86)\\Nodist\\npmv\\4.0.5\\bin\\npm-cli.js',
1 verbose cli   'run',
1 verbose cli   'build' ]
2 info using npm@4.0.5
3 info using node@v8.9.4
4 verbose run-script [ 'prebuild', 'build', 'postbuild' ]
5 info lifecycle ukiyoe-modeling@1.0.0~prebuild: ukiyoe-modeling@1.0.0
6 warn lifecycle The node binary used for scripts is C:\Program Files (x86)\Nodist\bin\node.exe but npm is using C:\Program Files (x86)\Nodist\v-x64\8.9.4\node.exe itself. Use the `--scripts-prepend-node-path` option to include the path for the node binary npm was executed with.
7 silly lifecycle ukiyoe-modeling@1.0.0~prebuild: no script for prebuild, continuing
8 info lifecycle ukiyoe-modeling@1.0.0~build: ukiyoe-modeling@1.0.0
9 verbose lifecycle ukiyoe-modeling@1.0.0~build: unsafe-perm in lifecycle true
10 verbose lifecycle ukiyoe-modeling@1.0.0~build: PATH: C:\Program Files (x86)\Nodist\npmv\4.0.5\bin\node-gyp-bin;C:\Users\shiraishi\Documents\卒研\ukiyoe-modeling\node_modules\.bin;C:\Program Files\Git\mingw64\bin;C:\Program Files\Git\usr\bin;C:\Users\shiraishi\bin;C:\Program Files (x86)\Intel\iCLS Client;C:\Program Files\Intel\iCLS Client;C:\windows\system32;C:\windows;C:\windows\System32\Wbem;C:\windows\System32\WindowsPowerShell\v1.0;C:\Program Files (x86)\Intel\Intel(R) Management Engine Components\DAL;C:\Program Files\Intel\Intel(R) Management Engine Components\DAL;C:\Program Files (x86)\Intel\Intel(R) Management Engine Components\IPT;C:\Program Files\Intel\Intel(R) Management Engine Components\IPT;C:\Program Files (x86)\NVIDIA Corporation\PhysX\Common;C:\WINDOWS\system32;C:\WINDOWS;C:\WINDOWS\System32\Wbem;C:\WINDOWS\System32\WindowsPowerShell\v1.0;C:\WINDOWS\System32\OpenSSH;C:\Program Files (x86)\Nodist\bin;C:\Program Files\Microsoft VS Code\bin;C:\Program Files\Git\cmd;C:\Users\shiraishi\AppData\Local\Microsoft\WindowsApps;C:\Program Files\Microsoft VS Code\bin
11 verbose lifecycle ukiyoe-modeling@1.0.0~build: CWD: C:\Users\shiraishi\Documents\卒研\ukiyoe-modeling
12 silly lifecycle ukiyoe-modeling@1.0.0~build: Args: [ '/d /s /c', 'webpack' ]
13 silly lifecycle ukiyoe-modeling@1.0.0~build: Returned: code: 2  signal: null
14 info lifecycle ukiyoe-modeling@1.0.0~build: Failed to exec build script
15 verbose stack Error: ukiyoe-modeling@1.0.0 build: `webpack`
15 verbose stack Exit status 2
15 verbose stack     at EventEmitter.<anonymous> (C:\Program Files (x86)\Nodist\npmv\4.0.5\lib\utils\lifecycle.js:279:16)
15 verbose stack     at emitTwo (events.js:126:13)
15 verbose stack     at EventEmitter.emit (events.js:214:7)
15 verbose stack     at ChildProcess.<anonymous> (C:\Program Files (x86)\Nodist\npmv\4.0.5\lib\utils\spawn.js:40:14)
15 verbose stack     at emitTwo (events.js:126:13)
15 verbose stack     at ChildProcess.emit (events.js:214:7)
15 verbose stack     at maybeClose (internal/child_process.js:925:16)
15 verbose stack     at Process.ChildProcess._handle.onexit (internal/child_process.js:209:5)
16 verbose pkgid ukiyoe-modeling@1.0.0
17 verbose cwd C:\Users\shiraishi\Documents\卒研\ukiyoe-modeling
18 error Windows_NT 10.0.17134
19 error argv "C:\\Program Files (x86)\\Nodist\\v-x64\\8.9.4\\node.exe" "C:\\Program Files (x86)\\Nodist\\npmv\\4.0.5\\bin\\npm-cli.js" "run" "build"
20 error node v8.9.4
21 error npm  v4.0.5
22 error code ELIFECYCLE
23 error ukiyoe-modeling@1.0.0 build: `webpack`
23 error Exit status 2
24 error Failed at the ukiyoe-modeling@1.0.0 build script 'webpack'.
24 error Make sure you have the latest version of node.js and npm installed.
24 error If you do, this is most likely a problem with the ukiyoe-modeling package,
24 error not with npm itself.
24 error Tell the author that this fails on your system:
24 error     webpack
24 error You can get information on how to open an issue for this project with:
24 error     npm bugs ukiyoe-modeling
24 error Or if that isn't available, you can get their info via:
24 error     npm owner ls ukiyoe-modeling
24 error There is likely additional logging output above.
25 verbose exit [ 1, true ]
